  bai1.cpp
C:\Users\SV\source\repos\bai1\bai1\bai1.cpp(6,13): warning C4566: character represented by universal-character-name '\u0110' cannot be represented in the current code page (1252)
C:\Users\SV\source\repos\bai1\bai1\bai1.cpp(6,13): warning C4566: character represented by universal-character-name '\u0103' cannot be represented in the current code page (1252)
C:\Users\SV\source\repos\bai1\bai1\bai1.cpp(6,13): warning C4566: character represented by universal-character-name '\u1EAD' cannot be represented in the current code page (1252)
C:\Users\SV\source\repos\bai1\bai1\bai1.cpp(7,13): warning C4566: character represented by universal-character-name '\u0110' cannot be represented in the current code page (1252)
C:\Users\SV\source\repos\bai1\bai1\bai1.cpp(7,13): warning C4566: character represented by universal-character-name '\u0103' cannot be represented in the current code page (1252)
C:\Users\SV\source\repos\bai1\bai1\bai1.cpp(12,13): warning C4566: character represented by universal-character-name '\u1EA1' cannot be represented in the current code page (1252)
C:\Users\SV\source\repos\bai1\bai1\bai1.cpp(12,13): warning C4566: character represented by universal-character-name '\u0111' cannot be represented in the current code page (1252)
C:\Users\SV\source\repos\bai1\bai1\bai1.cpp(12,13): warning C4566: character represented by universal-character-name '\u0103' cannot be represented in the current code page (1252)
C:\Users\SV\source\repos\bai1\bai1\bai1.cpp(12,13): warning C4566: character represented by universal-character-name '\u1EAD' cannot be represented in the current code page (1252)
C:\Users\SV\source\repos\bai1\bai1\bai1.cpp(16,13): warning C4566: character represented by universal-character-name '\u1EA1' cannot be represented in the current code page (1252)
C:\Users\SV\source\repos\bai1\bai1\bai1.cpp(16,13): warning C4566: character represented by universal-character-name '\u0111' cannot be represented in the current code page (1252)
C:\Users\SV\source\repos\bai1\bai1\bai1.cpp(16,13): warning C4566: character represented by universal-character-name '\u0103' cannot be represented in the current code page (1252)
C:\Users\SV\source\repos\bai1\bai1\bai1.cpp(16,13): warning C4566: character represented by universal-character-name '\u1EA3' cannot be represented in the current code page (1252)
C:\Users\SV\source\repos\bai1\bai1\bai1.cpp(23,17): warning C4566: character represented by universal-character-name '\u1EAD' cannot be represented in the current code page (1252)
C:\Users\SV\source\repos\bai1\bai1\bai1.cpp(23,17): warning C4566: character represented by universal-character-name '\u1EF1' cannot be represented in the current code page (1252)
C:\Users\SV\source\repos\bai1\bai1\bai1.cpp(23,17): warning C4566: character represented by universal-character-name '\u1ECD' cannot be represented in the current code page (1252)
C:\Users\SV\source\repos\bai1\bai1\bai1.cpp(23,17): warning C4566: character represented by universal-character-name '\u1EE7' cannot be represented in the current code page (1252)
C:\Users\SV\source\repos\bai1\bai1\bai1.cpp(23,17): warning C4566: character represented by universal-character-name '\u1EA1' cannot be represented in the current code page (1252)
C:\Users\SV\source\repos\bai1\bai1\bai1.cpp(34,21): warning C4566: character represented by universal-character-name '\u1EA1' cannot be represented in the current code page (1252)
C:\Users\SV\source\repos\bai1\bai1\bai1.cpp(34,21): warning C4566: character represented by universal-character-name '\u1EC7' cannot be represented in the current code page (1252)
C:\Users\SV\source\repos\bai1\bai1\bai1.cpp(37,21): warning C4566: character represented by universal-character-name '\u1EF1' cannot be represented in the current code page (1252)
C:\Users\SV\source\repos\bai1\bai1\bai1.cpp(37,21): warning C4566: character represented by universal-character-name '\u1ECD' cannot be represented in the current code page (1252)
C:\Users\SV\source\repos\bai1\bai1\bai1.cpp(37,21): warning C4566: character represented by universal-character-name '\u1EE3' cannot be represented in the current code page (1252)
C:\Users\SV\source\repos\bai1\bai1\bai1.cpp(37,21): warning C4566: character represented by universal-character-name '\u1EC7' cannot be represented in the current code page (1252)
C:\Users\SV\source\repos\bai1\bai1\bai1.cpp(37,21): warning C4566: character represented by universal-character-name '\u1EA1' cannot be represented in the current code page (1252)
  bai1.vcxproj -> C:\Users\SV\source\repos\bai1\x64\Debug\bai1.exe
